This is LuaTeX, Version 1.07.0 (MiKTeX 2.9.6730 64-bit)  (format=lualatex 2021.3.2)  15 MAR 2021 15:39
 restricted system commands enabled.
**C:/Users/Nathan/AppData/Local/Temp/RtmpOsIyUC/preview-206c57523d4f.dir/Check_
mate_analysis.tex

(C:/Users/Nathan/AppData/Local/Temp/RtmpOsIyUC/preview-206c57523d4f.dir/Check_m
ate_analysis.tex
LaTeX2e <2018-04-01> patch level 5
Lua module: luaotfload 2021-01-08 3.17 Lua based OpenType font support
	FATAL ERROR
	Luaotfload requires a Luatex version >= 1.10.0.
	Please update your TeX distribution!

...cal/Programs/MiKTeX/tex/luatex/luaotfload/luaotfload.lua:90: version check fa
iled
Error in luaotfload: reverting to OT1 (C:/Users/Nathan/AppData/Local/Programs/M
iKTeX/tex/latex/base/article.cls
Document Class: article 2020/04/10 v1.4m Standard LaTeX document class
(C:/Users/Nathan/AppData/Local/Programs/MiKTeX/tex/latex/base/size10.clo
File: size10.clo 2020/04/10 v1.4m Standard LaTeX file (size option)
LaTeX Font Info:    Try loading font information for OT1+lmr on input line 54.
(C:/Users/Nathan/AppData/Local/Programs/MiKTeX/tex/latex/lm/ot1lmr.fd
File: ot1lmr.fd 2009/10/30 v1.6 Font defs for Latin Modern
))
\c@part=\count80
\c@section=\count81
\c@subsection=\count82
\c@subsubsection=\count83
\c@paragraph=\count84
\c@subparagraph=\count85
\c@figure=\count86
\c@table=\count87
\abovecaptionskip=\skip41
\belowcaptionskip=\skip42
\bibindent=\dimen102
) (C:/Users/Nathan/AppData/Local/Programs/MiKTeX/tex/latex/lm/lmodern.sty
Package: lmodern 2009/10/30 v1.6 Latin Modern Fonts
LaTeX Font Info:    Overwriting symbol font `operators' in version `normal'
(Font)                  OT1/cmr/m/n --> OT1/lmr/m/n on input line 22.
LaTeX Font Info:    Overwriting symbol font `letters' in version `normal'
(Font)                  OML/cmm/m/it --> OML/lmm/m/it on input line 23.
LaTeX Font Info:    Overwriting symbol font `symbols' in version `normal'
(Font)                  OMS/cmsy/m/n --> OMS/lmsy/m/n on input line 24.
LaTeX Font Info:    Overwriting symbol font `largesymbols' in version `normal'
(Font)                  OMX/cmex/m/n --> OMX/lmex/m/n on input line 25.
LaTeX Font Info:    Overwriting symbol font `operators' in version `bold'
(Font)                  OT1/cmr/bx/n --> OT1/lmr/bx/n on input line 26.
LaTeX Font Info:    Overwriting symbol font `letters' in version `bold'
(Font)                  OML/cmm/b/it --> OML/lmm/b/it on input line 27.
LaTeX Font Info:    Overwriting symbol font `symbols' in version `bold'
(Font)                  OMS/cmsy/b/n --> OMS/lmsy/b/n on input line 28.
LaTeX Font Info:    Overwriting symbol font `largesymbols' in version `bold'
(Font)                  OMX/cmex/m/n --> OMX/lmex/m/n on input line 29.
LaTeX Font Info:    Overwriting math alphabet `\mathbf' in version `normal'
(Font)                  OT1/cmr/bx/n --> OT1/lmr/bx/n on input line 31.
LaTeX Font Info:    Overwriting math alphabet `\mathsf' in version `normal'
(Font)                  OT1/cmss/m/n --> OT1/lmss/m/n on input line 32.
LaTeX Font Info:    Overwriting math alphabet `\mathit' in version `normal'
(Font)                  OT1/cmr/m/it --> OT1/lmr/m/it on input line 33.
LaTeX Font Info:    Overwriting math alphabet `\mathtt' in version `normal'
(Font)                  OT1/cmtt/m/n --> OT1/lmtt/m/n on input line 34.
LaTeX Font Info:    Overwriting math alphabet `\mathbf' in version `bold'
(Font)                  OT1/cmr/bx/n --> OT1/lmr/bx/n on input line 35.
LaTeX Font Info:    Overwriting math alphabet `\mathsf' in version `bold'
(Font)                  OT1/cmss/bx/n --> OT1/lmss/bx/n on input line 36.
LaTeX Font Info:    Overwriting math alphabet `\mathit' in version `bold'
(Font)                  OT1/cmr/bx/it --> OT1/lmr/bx/it on input line 37.
LaTeX Font Info:    Overwriting math alphabet `\mathtt' in version `bold'
(Font)                  OT1/cmtt/m/n --> OT1/lmtt/m/n on input line 38.
) (C:/Users/Nathan/AppData/Local/Programs/MiKTeX/tex/latex/amsmath/amsmath.sty
Package: amsmath 2020/09/23 v2.17i AMS math features
\@mathmargin=\skip43
For additional information on amsmath, use the `?' option.
(C:/Users/Nathan/AppData/Local/Programs/MiKTeX/tex/latex/amsmath/amstext.sty
Package: amstext 2000/06/29 v2.01 AMS text
(C:/Users/Nathan/AppData/Local/Programs/MiKTeX/tex/latex/amsmath/amsgen.sty
File: amsgen.sty 1999/11/30 v2.0 generic functions
\@emptytoks=\toks14
\ex@=\dimen103
)) (C:/Users/Nathan/AppData/Local/Programs/MiKTeX/tex/latex/amsmath/amsbsy.sty
Package: amsbsy 1999/11/29 v1.2d Bold Symbols
\pmbraise@=\dimen104
) (C:/Users/Nathan/AppData/Local/Programs/MiKTeX/tex/latex/amsmath/amsopn.sty
Package: amsopn 2016/03/08 v2.02 operator names
)
\inf@bad=\count88
LaTeX Info: Redefining \frac on input line 236.
\uproot@=\count89
\leftroot@=\count90
LaTeX Info: Redefining \overline on input line 399.
\classnum@=\count91
\DOTSCASE@=\count92
LaTeX Info: Redefining \ldots on input line 496.
LaTeX Info: Redefining \dots on input line 499.
LaTeX Info: Redefining \cdots on input line 620.
\Mathstrutbox@=\box26
\strutbox@=\box27
\big@size=\dimen105
LaTeX Font Info:    Redeclaring font encoding OML on input line 743.
LaTeX Font Info:    Redeclaring font encoding OMS on input line 744.
\macc@depth=\count93
\c@MaxMatrixCols=\count94
\dotsspace@=\muskip10
\c@parentequation=\count95
\dspbrk@lvl=\count96
\tag@help=\toks15
\row@=\count97
\column@=\count98
\maxfields@=\count99
\andhelp@=\toks16
\eqnshift@=\dimen106
\alignsep@=\dimen107
\tagshift@=\dimen108
\tagwidth@=\dimen109
\totwidth@=\dimen110
\lineht@=\dimen111
\@envbody=\toks17
\multlinegap=\skip44
\multlinetaggap=\skip45
\mathdisplay@stack=\toks18
LaTeX Info: Redefining \[ on input line 2923.
LaTeX Info: Redefining \] on input line 2924.
) (C:/Users/Nathan/AppData/Local/Programs/MiKTeX/tex/generic/iftex/ifxetex.sty
Package: ifxetex 2019/10/25 v0.7 ifxetex legacy package. Use iftex instead.
(C:/Users/Nathan/AppData/Local/Programs/MiKTeX/tex/generic/iftex/iftex.sty
Package: iftex 2020/03/06 v1.0d TeX engine tests
)) (C:/Users/Nathan/AppData/Local/Programs/MiKTeX/tex/generic/iftex/ifluatex.st
y
Package: ifluatex 2019/10/25 v1.5 ifluatex legacy package. Use iftex instead.
)
(C:/Users/Nathan/AppData/Roaming/MiKTeX/2.9/tex/latex/unicode-math/unicode-math
.sty (C:/Users/Nathan/AppData/Roaming/MiKTeX/2.9/tex/latex/l3kernel/expl3.sty
Package: expl3 2021-01-09 L3 programming layer (loader) 
(C:/Users/Nathan/AppData/Roaming/MiKTeX/2.9/tex/latex/l3kernel/expl3-code.tex
Package: expl3 2021-01-09 L3 programming layer (code)

! Package expl3 Error: Required primitives not found.

See the expl3 package documentation for explanation.
Type  H <return>  for immediate help.
 ...                                              
                                                  
l.233 \next
         

Here is how much of LuaTeX's memory you used:
 1049 strings out of 494412
 100000,89155 words of node,token memory allocated
 337 words of node memory still in use:
   2 hlist, 1 rule, 1 dir, 47 glue_spec, 1 if_stack, 1 write nodes
   avail lists: 2:11,3:1,4:1,7:2,9:2
 5236 multiletter control sequences out of 65536+200000
 15 fonts using 632891 bytes
 27i,0n,22p,283b,68s stack positions out of 5000i,500n,10000p,200000b,50000s
!  ==> Fatal error occurred, no output PDF file produced!


! Unfortunately, the package iftex could not be installed.Please check the log file:
! C:/Users/Nathan/AppData/Local/MiKTeX/2.9/miktex/log/lualatex.log
